<?xml version="1.0" encoding="UTF-8"?>
<testng-results skipped="0" failed="0" total="1" passed="1">
  <reporter-output>
  </reporter-output>
  <suite name="Default suite" duration-ms="26885" started-at="2020-10-14T13:20:37Z" finished-at="2020-10-14T13:21:04Z">
    <groups>
    </groups>
    <test name="Default test" duration-ms="26885" started-at="2020-10-14T13:20:37Z" finished-at="2020-10-14T13:21:04Z">
      <class name="acuityads.Testscript1">
        <test-method status="PASS" signature="beforeSuite()[pri:0, instance:acuityads.Testscript1@22f71333]" name="beforeSuite" is-config="true" duration-ms="93" started-at="2020-10-14T09:20:37Z" finished-at="2020-10-14T09:20:37Z">
          <reporter-output>
          </reporter-output>
        </test-method> <!-- beforeSuite -->
        <test-method status="PASS" signature="beforeClass(org.testng.ITestContext)[pri:0, instance:acuityads.Testscript1@22f71333]" name="beforeClass" is-config="true" duration-ms="215" started-at="2020-10-14T09:20:37Z" finished-at="2020-10-14T09:20:37Z">
          <params>
            <param index="0">
              <value>
                <![CDATA[org.testng.TestRunner@4ac86d6a]]>
              </value>
            </param>
          </params>
          <reporter-output>
          </reporter-output>
        </test-method> <!-- beforeClass -->
        <test-method status="PASS" signature="BeforeClass(org.testng.ITestContext)[pri:0, instance:acuityads.Testscript1@22f71333]" name="BeforeClass" is-config="true" duration-ms="6" started-at="2020-10-14T09:20:37Z" finished-at="2020-10-14T09:20:37Z">
          <params>
            <param index="0">
              <value>
                <![CDATA[org.testng.TestRunner@4ac86d6a]]>
              </value>
            </param>
          </params>
          <reporter-output>
          </reporter-output>
        </test-method> <!-- BeforeClass -->
        <test-method status="PASS" signature="VerifyTestScript1()[pri:0, instance:acuityads.Testscript1@22f71333]" name="VerifyTestScript1" duration-ms="26253" started-at="2020-10-14T09:20:37Z" finished-at="2020-10-14T09:21:03Z">
          <reporter-output>
          </reporter-output>
        </test-method> <!-- VerifyTestScript1 -->
        <test-method status="PASS" signature="AfterClass()[pri:0, instance:acuityads.Testscript1@22f71333]" name="AfterClass" is-config="true" duration-ms="402" started-at="2020-10-14T09:21:03Z" finished-at="2020-10-14T09:21:04Z">
          <reporter-output>
          </reporter-output>
        </test-method> <!-- AfterClass -->
      </class> <!-- acuityads.Testscript1 -->
    </test> <!-- Default test -->
  </suite> <!-- Default suite -->
</testng-results>
